INFO - STARTING DRIVER
DEBUG - Using custom AWS credentials provider class com.amazonaws.auth.PropertiesFileCredentialsProvider
ERROR - Failed to run query: com.amazonaws.AmazonClientException: Unable to load AWS credentials from the /Users/myUser/.athenaCredentials file
	at com.amazonaws.auth.PropertiesFileCredentialsProvider.getCredentials(PropertiesFileCredentialsProvider.java:59)
	at com.amazonaws.athena.jdbc.shaded.com.amazonaws.http.AmazonHttpClient$RequestExecutor.getCredentialsFromContext(AmazonHttpClient.java:1029)
	at com.amazonaws.athena.jdbc.shaded.com.amazonaws.http.AmazonHttpClient$RequestExecutor.executeOneRequest(AmazonHttpClient.java:1049)
	at com.amazonaws.athena.jdbc.shaded.com.amazonaws.http.AmazonHttpClient$RequestExecutor.executeHelper(AmazonHttpClient.java:949)
	at com.amazonaws.athena.jdbc.shaded.com.amazonaws.http.AmazonHttpClient$RequestExecutor.doExecute(AmazonHttpClient.java:662)
	at com.amazonaws.athena.jdbc.shaded.com.amazonaws.http.AmazonHttpClient$RequestExecutor.executeWithTimer(AmazonHttpClient.java:636)
	at com.amazonaws.athena.jdbc.shaded.com.amazonaws.http.AmazonHttpClient$RequestExecutor.execute(AmazonHttpClient.java:619)
	at com.amazonaws.athena.jdbc.shaded.com.amazonaws.http.AmazonHttpClient$RequestExecutor.access$300(AmazonHttpClient.java:587)
	at com.amazonaws.athena.jdbc.shaded.com.amazonaws.http.AmazonHttpClient$RequestExecutionBuilderImpl.execute(AmazonHttpClient.java:574)
	at com.amazonaws.athena.jdbc.shaded.com.amazonaws.http.AmazonHttpClient.execute(AmazonHttpClient.java:446)
	at com.amazonaws.athena.jdbc.shaded.com.amazonaws.services.athena.AmazonAthenaClient.doInvoke(AmazonAthenaClient.java:941)
	at com.amazonaws.athena.jdbc.shaded.com.amazonaws.services.athena.AmazonAthenaClient.invoke(AmazonAthenaClient.java:917)
	at com.amazonaws.athena.jdbc.shaded.com.amazonaws.services.athena.AmazonAthenaClient.runQuery(AmazonAthenaClient.java:806)
	at com.amazonaws.athena.jdbc.AthenaServiceClient.runQuery(AthenaServiceClient.java:159)
	at com.amazonaws.athena.jdbc.AthenaQueryExecutor.startQuery(AthenaQueryExecutor.java:34)
	at com.amazonaws.athena.jdbc.AthenaConnection.startQuery(AthenaConnection.java:574)
	at com.amazonaws.athena.jdbc.AthenaStatement.execute(AthenaStatement.java:204)
	at com.amazonaws.athena.jdbc.AthenaStatement.executeQuery(AthenaStatement.java:61)
	at com.tayo.AthenaJDBCDemo.main(AthenaJDBCDemo.java:33)
	at sun.reflect.NativeMethodAccessorImpl.invoke0(Native Method)
	at sun.reflect.NativeMethodAccessorImpl.invoke(NativeMethodAccessorImpl.java:62)
	at sun.reflect.DelegatingMethodAccessorImpl.invoke(DelegatingMethodAccessorImpl.java:43)
	at java.lang.reflect.Method.invoke(Method.java:498)
	at com.intellij.rt.execution.application.AppMain.main(AppMain.java:144)
Caused by: java.io.FileNotFoundException: File doesn't exist:  /Users/myUser/.athenaCredentials
	at com.amazonaws.auth.PropertiesCredentials.<init>(PropertiesCredentials.java:56)
	at com.amazonaws.auth.PropertiesFileCredentialsProvider.getCredentials(PropertiesFileCredentialsProvider.java:57)
	... 23 more

com.amazonaws.AmazonClientException: Unable to load AWS credentials from the /Users/myUser/.athenaCredentials file
	at com.amazonaws.auth.PropertiesFileCredentialsProvider.getCredentials(PropertiesFileCredentialsProvider.java:59)
	at com.amazonaws.athena.jdbc.shaded.com.amazonaws.http.AmazonHttpClient$RequestExecutor.getCredentialsFromContext(AmazonHttpClient.java:1029)
	at com.amazonaws.athena.jdbc.shaded.com.amazonaws.http.AmazonHttpClient$RequestExecutor.executeOneRequest(AmazonHttpClient.java:1049)
	at com.amazonaws.athena.jdbc.shaded.com.amazonaws.http.AmazonHttpClient$RequestExecutor.executeHelper(AmazonHttpClient.java:949)
	at com.amazonaws.athena.jdbc.shaded.com.amazonaws.http.AmazonHttpClient$RequestExecutor.doExecute(AmazonHttpClient.java:662)
	at com.amazonaws.athena.jdbc.shaded.com.amazonaws.http.AmazonHttpClient$RequestExecutor.executeWithTimer(AmazonHttpClient.java:636)
	at com.amazonaws.athena.jdbc.shaded.com.amazonaws.http.AmazonHttpClient$RequestExecutor.execute(AmazonHttpClient.java:619)
	at com.amazonaws.athena.jdbc.shaded.com.amazonaws.http.AmazonHttpClient$RequestExecutor.access$300(AmazonHttpClient.java:587)
	at com.amazonaws.athena.jdbc.shaded.com.amazonaws.http.AmazonHttpClient$RequestExecutionBuilderImpl.execute(AmazonHttpClient.java:574)
	at com.amazonaws.athena.jdbc.shaded.com.amazonaws.http.AmazonHttpClient.execute(AmazonHttpClient.java:446)
	at com.amazonaws.athena.jdbc.shaded.com.amazonaws.services.athena.AmazonAthenaClient.doInvoke(AmazonAthenaClient.java:941)
	at com.amazonaws.athena.jdbc.shaded.com.amazonaws.services.athena.AmazonAthenaClient.invoke(AmazonAthenaClient.java:917)
	at com.amazonaws.athena.jdbc.shaded.com.amazonaws.services.athena.AmazonAthenaClient.runQuery(AmazonAthenaClient.java:806)
	at com.amazonaws.athena.jdbc.AthenaServiceClient.runQuery(AthenaServiceClient.java:159)
	at com.amazonaws.athena.jdbc.AthenaQueryExecutor.startQuery(AthenaQueryExecutor.java:34)
	at com.amazonaws.athena.jdbc.AthenaConnection.startQuery(AthenaConnection.java:574)
	at com.amazonaws.athena.jdbc.AthenaStatement.execute(AthenaStatement.java:204)
	at com.amazonaws.athena.jdbc.AthenaStatement.executeQuery(AthenaStatement.java:61)
	at com.tayo.AthenaJDBCDemo.main(AthenaJDBCDemo.java:33)
	at sun.reflect.NativeMethodAccessorImpl.invoke0(Native Method)
	at sun.reflect.NativeMethodAccessorImpl.invoke(NativeMethodAccessorImpl.java:62)
	at sun.reflect.DelegatingMethodAccessorImpl.invoke(DelegatingMethodAccessorImpl.java:43)
	at java.lang.reflect.Method.invoke(Method.java:498)
	at com.intellij.rt.execution.application.AppMain.main(AppMain.java:144)
Caused by: java.io.FileNotFoundException: File doesn't exist:  /Users/myUser/.athenaCredentials
	at com.amazonaws.auth.PropertiesCredentials.<init>(PropertiesCredentials.java:56)
	at com.amazonaws.auth.PropertiesFileCredentialsProvider.getCredentials(PropertiesFileCredentialsProvider.java:57)
	... 23 more
INFO - STARTING DRIVER
DEBUG - Using custom AWS credentials provider class com.amazonaws.auth.PropertiesFileCredentialsProvider
ERROR - Failed to run query: java.lang.IllegalArgumentException: The specified file (/Users/temitayo/.aws/credentials) doesn't contain the expected properties 'accessKey' and 'secretKey'.
	at com.amazonaws.auth.PropertiesCredentials.<init>(PropertiesCredentials.java:68)
	at com.amazonaws.auth.PropertiesFileCredentialsProvider.getCredentials(PropertiesFileCredentialsProvider.java:57)
	at com.amazonaws.athena.jdbc.shaded.com.amazonaws.http.AmazonHttpClient$RequestExecutor.getCredentialsFromContext(AmazonHttpClient.java:1029)
	at com.amazonaws.athena.jdbc.shaded.com.amazonaws.http.AmazonHttpClient$RequestExecutor.executeOneRequest(AmazonHttpClient.java:1049)
	at com.amazonaws.athena.jdbc.shaded.com.amazonaws.http.AmazonHttpClient$RequestExecutor.executeHelper(AmazonHttpClient.java:949)
	at com.amazonaws.athena.jdbc.shaded.com.amazonaws.http.AmazonHttpClient$RequestExecutor.doExecute(AmazonHttpClient.java:662)
	at com.amazonaws.athena.jdbc.shaded.com.amazonaws.http.AmazonHttpClient$RequestExecutor.executeWithTimer(AmazonHttpClient.java:636)
	at com.amazonaws.athena.jdbc.shaded.com.amazonaws.http.AmazonHttpClient$RequestExecutor.execute(AmazonHttpClient.java:619)
	at com.amazonaws.athena.jdbc.shaded.com.amazonaws.http.AmazonHttpClient$RequestExecutor.access$300(AmazonHttpClient.java:587)
	at com.amazonaws.athena.jdbc.shaded.com.amazonaws.http.AmazonHttpClient$RequestExecutionBuilderImpl.execute(AmazonHttpClient.java:574)
	at com.amazonaws.athena.jdbc.shaded.com.amazonaws.http.AmazonHttpClient.execute(AmazonHttpClient.java:446)
	at com.amazonaws.athena.jdbc.shaded.com.amazonaws.services.athena.AmazonAthenaClient.doInvoke(AmazonAthenaClient.java:941)
	at com.amazonaws.athena.jdbc.shaded.com.amazonaws.services.athena.AmazonAthenaClient.invoke(AmazonAthenaClient.java:917)
	at com.amazonaws.athena.jdbc.shaded.com.amazonaws.services.athena.AmazonAthenaClient.runQuery(AmazonAthenaClient.java:806)
	at com.amazonaws.athena.jdbc.AthenaServiceClient.runQuery(AthenaServiceClient.java:159)
	at com.amazonaws.athena.jdbc.AthenaQueryExecutor.startQuery(AthenaQueryExecutor.java:34)
	at com.amazonaws.athena.jdbc.AthenaConnection.startQuery(AthenaConnection.java:574)
	at com.amazonaws.athena.jdbc.AthenaStatement.execute(AthenaStatement.java:204)
	at com.amazonaws.athena.jdbc.AthenaStatement.executeQuery(AthenaStatement.java:61)
	at com.tayo.AthenaJDBCDemo.main(AthenaJDBCDemo.java:33)
	at sun.reflect.NativeMethodAccessorImpl.invoke0(Native Method)
	at sun.reflect.NativeMethodAccessorImpl.invoke(NativeMethodAccessorImpl.java:62)
	at sun.reflect.DelegatingMethodAccessorImpl.invoke(DelegatingMethodAccessorImpl.java:43)
	at java.lang.reflect.Method.invoke(Method.java:498)
	at com.intellij.rt.execution.application.AppMain.main(AppMain.java:144)

java.lang.IllegalArgumentException: The specified file (/Users/temitayo/.aws/credentials) doesn't contain the expected properties 'accessKey' and 'secretKey'.
	at com.amazonaws.auth.PropertiesCredentials.<init>(PropertiesCredentials.java:68)
	at com.amazonaws.auth.PropertiesFileCredentialsProvider.getCredentials(PropertiesFileCredentialsProvider.java:57)
	at com.amazonaws.athena.jdbc.shaded.com.amazonaws.http.AmazonHttpClient$RequestExecutor.getCredentialsFromContext(AmazonHttpClient.java:1029)
	at com.amazonaws.athena.jdbc.shaded.com.amazonaws.http.AmazonHttpClient$RequestExecutor.executeOneRequest(AmazonHttpClient.java:1049)
	at com.amazonaws.athena.jdbc.shaded.com.amazonaws.http.AmazonHttpClient$RequestExecutor.executeHelper(AmazonHttpClient.java:949)
	at com.amazonaws.athena.jdbc.shaded.com.amazonaws.http.AmazonHttpClient$RequestExecutor.doExecute(AmazonHttpClient.java:662)
	at com.amazonaws.athena.jdbc.shaded.com.amazonaws.http.AmazonHttpClient$RequestExecutor.executeWithTimer(AmazonHttpClient.java:636)
	at com.amazonaws.athena.jdbc.shaded.com.amazonaws.http.AmazonHttpClient$RequestExecutor.execute(AmazonHttpClient.java:619)
	at com.amazonaws.athena.jdbc.shaded.com.amazonaws.http.AmazonHttpClient$RequestExecutor.access$300(AmazonHttpClient.java:587)
	at com.amazonaws.athena.jdbc.shaded.com.amazonaws.http.AmazonHttpClient$RequestExecutionBuilderImpl.execute(AmazonHttpClient.java:574)
	at com.amazonaws.athena.jdbc.shaded.com.amazonaws.http.AmazonHttpClient.execute(AmazonHttpClient.java:446)
	at com.amazonaws.athena.jdbc.shaded.com.amazonaws.services.athena.AmazonAthenaClient.doInvoke(AmazonAthenaClient.java:941)
	at com.amazonaws.athena.jdbc.shaded.com.amazonaws.services.athena.AmazonAthenaClient.invoke(AmazonAthenaClient.java:917)
	at com.amazonaws.athena.jdbc.shaded.com.amazonaws.services.athena.AmazonAthenaClient.runQuery(AmazonAthenaClient.java:806)
	at com.amazonaws.athena.jdbc.AthenaServiceClient.runQuery(AthenaServiceClient.java:159)
	at com.amazonaws.athena.jdbc.AthenaQueryExecutor.startQuery(AthenaQueryExecutor.java:34)
	at com.amazonaws.athena.jdbc.AthenaConnection.startQuery(AthenaConnection.java:574)
	at com.amazonaws.athena.jdbc.AthenaStatement.execute(AthenaStatement.java:204)
	at com.amazonaws.athena.jdbc.AthenaStatement.executeQuery(AthenaStatement.java:61)
	at com.tayo.AthenaJDBCDemo.main(AthenaJDBCDemo.java:33)
	at sun.reflect.NativeMethodAccessorImpl.invoke0(Native Method)
	at sun.reflect.NativeMethodAccessorImpl.invoke(NativeMethodAccessorImpl.java:62)
	at sun.reflect.DelegatingMethodAccessorImpl.invoke(DelegatingMethodAccessorImpl.java:43)
	at java.lang.reflect.Method.invoke(Method.java:498)
	at com.intellij.rt.execution.application.AppMain.main(AppMain.java:144)
INFO - STARTING DRIVER
DEBUG - Using custom AWS credentials provider class com.amazonaws.auth.PropertiesFileCredentialsProvider
ERROR - Failed to run query: com.amazonaws.AmazonClientException: Unable to load AWS credentials from the Users/temitayo/workspace/AthenaJDBC/credentials file
	at com.amazonaws.auth.PropertiesFileCredentialsProvider.getCredentials(PropertiesFileCredentialsProvider.java:59)
	at com.amazonaws.athena.jdbc.shaded.com.amazonaws.http.AmazonHttpClient$RequestExecutor.getCredentialsFromContext(AmazonHttpClient.java:1029)
	at com.amazonaws.athena.jdbc.shaded.com.amazonaws.http.AmazonHttpClient$RequestExecutor.executeOneRequest(AmazonHttpClient.java:1049)
	at com.amazonaws.athena.jdbc.shaded.com.amazonaws.http.AmazonHttpClient$RequestExecutor.executeHelper(AmazonHttpClient.java:949)
	at com.amazonaws.athena.jdbc.shaded.com.amazonaws.http.AmazonHttpClient$RequestExecutor.doExecute(AmazonHttpClient.java:662)
	at com.amazonaws.athena.jdbc.shaded.com.amazonaws.http.AmazonHttpClient$RequestExecutor.executeWithTimer(AmazonHttpClient.java:636)
	at com.amazonaws.athena.jdbc.shaded.com.amazonaws.http.AmazonHttpClient$RequestExecutor.execute(AmazonHttpClient.java:619)
	at com.amazonaws.athena.jdbc.shaded.com.amazonaws.http.AmazonHttpClient$RequestExecutor.access$300(AmazonHttpClient.java:587)
	at com.amazonaws.athena.jdbc.shaded.com.amazonaws.http.AmazonHttpClient$RequestExecutionBuilderImpl.execute(AmazonHttpClient.java:574)
	at com.amazonaws.athena.jdbc.shaded.com.amazonaws.http.AmazonHttpClient.execute(AmazonHttpClient.java:446)
	at com.amazonaws.athena.jdbc.shaded.com.amazonaws.services.athena.AmazonAthenaClient.doInvoke(AmazonAthenaClient.java:941)
	at com.amazonaws.athena.jdbc.shaded.com.amazonaws.services.athena.AmazonAthenaClient.invoke(AmazonAthenaClient.java:917)
	at com.amazonaws.athena.jdbc.shaded.com.amazonaws.services.athena.AmazonAthenaClient.runQuery(AmazonAthenaClient.java:806)
	at com.amazonaws.athena.jdbc.AthenaServiceClient.runQuery(AthenaServiceClient.java:159)
	at com.amazonaws.athena.jdbc.AthenaQueryExecutor.startQuery(AthenaQueryExecutor.java:34)
	at com.amazonaws.athena.jdbc.AthenaConnection.startQuery(AthenaConnection.java:574)
	at com.amazonaws.athena.jdbc.AthenaStatement.execute(AthenaStatement.java:204)
	at com.amazonaws.athena.jdbc.AthenaStatement.executeQuery(AthenaStatement.java:61)
	at com.tayo.AthenaJDBCDemo.main(AthenaJDBCDemo.java:33)
	at sun.reflect.NativeMethodAccessorImpl.invoke0(Native Method)
	at sun.reflect.NativeMethodAccessorImpl.invoke(NativeMethodAccessorImpl.java:62)
	at sun.reflect.DelegatingMethodAccessorImpl.invoke(DelegatingMethodAccessorImpl.java:43)
	at java.lang.reflect.Method.invoke(Method.java:498)
	at com.intellij.rt.execution.application.AppMain.main(AppMain.java:144)
Caused by: java.io.FileNotFoundException: File doesn't exist:  /Users/temitayo/workspace/AthenaJDBC/Users/temitayo/workspace/AthenaJDBC/credentials
	at com.amazonaws.auth.PropertiesCredentials.<init>(PropertiesCredentials.java:56)
	at com.amazonaws.auth.PropertiesFileCredentialsProvider.getCredentials(PropertiesFileCredentialsProvider.java:57)
	... 23 more

com.amazonaws.AmazonClientException: Unable to load AWS credentials from the Users/temitayo/workspace/AthenaJDBC/credentials file
	at com.amazonaws.auth.PropertiesFileCredentialsProvider.getCredentials(PropertiesFileCredentialsProvider.java:59)
	at com.amazonaws.athena.jdbc.shaded.com.amazonaws.http.AmazonHttpClient$RequestExecutor.getCredentialsFromContext(AmazonHttpClient.java:1029)
	at com.amazonaws.athena.jdbc.shaded.com.amazonaws.http.AmazonHttpClient$RequestExecutor.executeOneRequest(AmazonHttpClient.java:1049)
	at com.amazonaws.athena.jdbc.shaded.com.amazonaws.http.AmazonHttpClient$RequestExecutor.executeHelper(AmazonHttpClient.java:949)
	at com.amazonaws.athena.jdbc.shaded.com.amazonaws.http.AmazonHttpClient$RequestExecutor.doExecute(AmazonHttpClient.java:662)
	at com.amazonaws.athena.jdbc.shaded.com.amazonaws.http.AmazonHttpClient$RequestExecutor.executeWithTimer(AmazonHttpClient.java:636)
	at com.amazonaws.athena.jdbc.shaded.com.amazonaws.http.AmazonHttpClient$RequestExecutor.execute(AmazonHttpClient.java:619)
	at com.amazonaws.athena.jdbc.shaded.com.amazonaws.http.AmazonHttpClient$RequestExecutor.access$300(AmazonHttpClient.java:587)
	at com.amazonaws.athena.jdbc.shaded.com.amazonaws.http.AmazonHttpClient$RequestExecutionBuilderImpl.execute(AmazonHttpClient.java:574)
	at com.amazonaws.athena.jdbc.shaded.com.amazonaws.http.AmazonHttpClient.execute(AmazonHttpClient.java:446)
	at com.amazonaws.athena.jdbc.shaded.com.amazonaws.services.athena.AmazonAthenaClient.doInvoke(AmazonAthenaClient.java:941)
	at com.amazonaws.athena.jdbc.shaded.com.amazonaws.services.athena.AmazonAthenaClient.invoke(AmazonAthenaClient.java:917)
	at com.amazonaws.athena.jdbc.shaded.com.amazonaws.services.athena.AmazonAthenaClient.runQuery(AmazonAthenaClient.java:806)
	at com.amazonaws.athena.jdbc.AthenaServiceClient.runQuery(AthenaServiceClient.java:159)
	at com.amazonaws.athena.jdbc.AthenaQueryExecutor.startQuery(AthenaQueryExecutor.java:34)
	at com.amazonaws.athena.jdbc.AthenaConnection.startQuery(AthenaConnection.java:574)
	at com.amazonaws.athena.jdbc.AthenaStatement.execute(AthenaStatement.java:204)
	at com.amazonaws.athena.jdbc.AthenaStatement.executeQuery(AthenaStatement.java:61)
	at com.tayo.AthenaJDBCDemo.main(AthenaJDBCDemo.java:33)
	at sun.reflect.NativeMethodAccessorImpl.invoke0(Native Method)
	at sun.reflect.NativeMethodAccessorImpl.invoke(NativeMethodAccessorImpl.java:62)
	at sun.reflect.DelegatingMethodAccessorImpl.invoke(DelegatingMethodAccessorImpl.java:43)
	at java.lang.reflect.Method.invoke(Method.java:498)
	at com.intellij.rt.execution.application.AppMain.main(AppMain.java:144)
Caused by: java.io.FileNotFoundException: File doesn't exist:  /Users/temitayo/workspace/AthenaJDBC/Users/temitayo/workspace/AthenaJDBC/credentials
	at com.amazonaws.auth.PropertiesCredentials.<init>(PropertiesCredentials.java:56)
	at com.amazonaws.auth.PropertiesFileCredentialsProvider.getCredentials(PropertiesFileCredentialsProvider.java:57)
	... 23 more
INFO - STARTING DRIVER
DEBUG - Using custom AWS credentials provider class com.amazonaws.auth.PropertiesFileCredentialsProvider
INFO - Executing Query 'show tables in default' with Execution ID: a7c5b484-2b53-48a2-8d4c-cb2cb3343c38
DEBUG - Event Message: Timelog created : 0 ms
DEBUG - Event Message: Finished Checking Connection. Starting Query:  : 0 ms
DEBUG - Event Message: Query Started. : 1272 ms
DEBUG - Event Message: Checking Query Status : 1272 ms
DEBUG - Event Message: Finishing Checking Query Status : 1361 ms
DEBUG - Event Message: Sleeping until we retry. : 1361 ms
DEBUG - Event Message: Checking Query Status : 1562 ms
DEBUG - Event Message: Finishing Checking Query Status : 1641 ms
DEBUG - Event Message: Sleeping until we retry. : 1641 ms
DEBUG - Event Message: Checking Query Status : 1844 ms
DEBUG - Event Message: Finishing Checking Query Status : 1922 ms
DEBUG - Event Message: Sleeping until we retry. : 1922 ms
DEBUG - Event Message: Checking Query Status : 2122 ms
DEBUG - Event Message: Finishing Checking Query Status : 2173 ms
DEBUG - Event Message: Sleeping until we retry. : 2173 ms
DEBUG - Event Message: Checking Query Status : 2377 ms
DEBUG - Event Message: Finishing Checking Query Status : 2434 ms
DEBUG - Event Message: Sleeping until we retry. : 2434 ms
DEBUG - Event Message: Checking Query Status : 2636 ms
DEBUG - Event Message: Finishing Checking Query Status : 2733 ms
DEBUG - Event Message: Sleeping until we retry. : 2733 ms
DEBUG - Event Message: Checking Query Status : 2934 ms
DEBUG - Event Message: Finishing Checking Query Status : 3011 ms
DEBUG - Event Message: Sleeping until we retry. : 3011 ms
DEBUG - Event Message: Checking Query Status : 3212 ms
DEBUG - Event Message: Finishing Checking Query Status : 3292 ms
DEBUG - Event Message: Sleeping until we retry. : 3292 ms
DEBUG - Event Message: Checking Query Status : 3495 ms
DEBUG - Event Message: Finishing Checking Query Status : 3571 ms
DEBUG - Event Message: Sleeping until we retry. : 3571 ms
DEBUG - Event Message: Checking Query Status : 3772 ms
DEBUG - Event Message: Finishing Checking Query Status : 3884 ms
DEBUG - Event Message: Sleeping until we retry. : 3884 ms
DEBUG - Event Message: Checking Query Status : 4085 ms
DEBUG - Event Message: Finishing Checking Query Status : 4137 ms
DEBUG - Event Message: Sleeping until we retry. : 4138 ms
DEBUG - Event Message: Checking Query Status : 4340 ms
DEBUG - Event Message: Finishing Checking Query Status : 4396 ms
DEBUG - Event Message: Sleeping until we retry. : 4396 ms
DEBUG - Event Message: Checking Query Status : 4596 ms
DEBUG - Event Message: Finishing Checking Query Status : 4699 ms
DEBUG - Event Message: Query has Completed. : 4699 ms
DEBUG - Event Message: Finished creating Result Set. : 5148 ms
DEBUG - Event Message: Finished Executing query : 5148 ms
DEBUG - Event Message: Timelog created : 0 ms
DEBUG - Event Message: Next Called : 444 ms
DEBUG - Event Message: Next Called : 444 ms
DEBUG - Event Message: No more rows available to obtain. Finishing. : 444 ms
INFO - STARTING DRIVER
DEBUG - Using custom AWS credentials provider class com.amazonaws.auth.DefaultAWSCredentialsProviderChain
DEBUG - Unable to load credentials from EnvironmentVariableCredentialsProvider: Unable to load AWS credentials from environment variables (AWS_ACCESS_KEY_ID (or AWS_ACCESS_KEY) and AWS_SECRET_KEY (or AWS_SECRET_ACCESS_KEY))
DEBUG - Unable to load credentials from SystemPropertiesCredentialsProvider: Unable to load AWS credentials from Java system properties (aws.accessKeyId and aws.secretKey)
DEBUG - Loading credentials from com.amazonaws.auth.profile.ProfileCredentialsProvider@4009e306
INFO - Executing Query 'show tables in default' with Execution ID: 24dd1b36-d846-4292-afe1-76a16db381b4
DEBUG - Event Message: Timelog created : 0 ms
DEBUG - Event Message: Finished Checking Connection. Starting Query:  : 0 ms
DEBUG - Event Message: Query Started. : 1930 ms
DEBUG - Event Message: Checking Query Status : 1930 ms
DEBUG - Event Message: Finishing Checking Query Status : 2087 ms
DEBUG - Event Message: Sleeping until we retry. : 2087 ms
DEBUG - Event Message: Checking Query Status : 2292 ms
DEBUG - Event Message: Finishing Checking Query Status : 2377 ms
DEBUG - Event Message: Sleeping until we retry. : 2377 ms
DEBUG - Event Message: Checking Query Status : 2581 ms
DEBUG - Event Message: Finishing Checking Query Status : 2659 ms
DEBUG - Event Message: Sleeping until we retry. : 2659 ms
DEBUG - Event Message: Checking Query Status : 2863 ms
DEBUG - Event Message: Finishing Checking Query Status : 2965 ms
DEBUG - Event Message: Sleeping until we retry. : 2965 ms
DEBUG - Event Message: Checking Query Status : 3169 ms
DEBUG - Event Message: Finishing Checking Query Status : 3255 ms
DEBUG - Event Message: Sleeping until we retry. : 3255 ms
DEBUG - Event Message: Checking Query Status : 3457 ms
DEBUG - Event Message: Finishing Checking Query Status : 3540 ms
DEBUG - Event Message: Sleeping until we retry. : 3540 ms
DEBUG - Event Message: Checking Query Status : 3745 ms
DEBUG - Event Message: Finishing Checking Query Status : 3828 ms
DEBUG - Event Message: Sleeping until we retry. : 3828 ms
DEBUG - Event Message: Checking Query Status : 4031 ms
DEBUG - Event Message: Finishing Checking Query Status : 4082 ms
DEBUG - Event Message: Sleeping until we retry. : 4082 ms
DEBUG - Event Message: Checking Query Status : 4286 ms
DEBUG - Event Message: Finishing Checking Query Status : 4383 ms
DEBUG - Event Message: Sleeping until we retry. : 4383 ms
DEBUG - Event Message: Checking Query Status : 4585 ms
DEBUG - Event Message: Finishing Checking Query Status : 4636 ms
DEBUG - Event Message: Sleeping until we retry. : 4636 ms
DEBUG - Event Message: Checking Query Status : 4838 ms
DEBUG - Event Message: Finishing Checking Query Status : 4889 ms
DEBUG - Event Message: Sleeping until we retry. : 4889 ms
DEBUG - Event Message: Checking Query Status : 5090 ms
DEBUG - Event Message: Finishing Checking Query Status : 5142 ms
DEBUG - Event Message: Sleeping until we retry. : 5142 ms
DEBUG - Event Message: Checking Query Status : 5346 ms
DEBUG - Event Message: Finishing Checking Query Status : 5396 ms
DEBUG - Event Message: Sleeping until we retry. : 5396 ms
DEBUG - Event Message: Checking Query Status : 5601 ms
DEBUG - Event Message: Finishing Checking Query Status : 5654 ms
DEBUG - Event Message: Query has Completed. : 5654 ms
DEBUG - Event Message: Finished creating Result Set. : 5987 ms
DEBUG - Event Message: Finished Executing query : 5987 ms
DEBUG - Event Message: Timelog created : 0 ms
DEBUG - Event Message: Next Called : 330 ms
DEBUG - Event Message: Next Called : 330 ms
DEBUG - Event Message: No more rows available to obtain. Finishing. : 330 ms
INFO - STARTING DRIVER
DEBUG - Using custom AWS credentials provider class com.tayo.CustomSessionCredentialsProvider
INFO - Executing Query 'show tables in default' with Execution ID: 46445fda-aaec-48a1-ae6f-14b156e899f5
ERROR - Query 46445fda-aaec-48a1-ae6f-14b156e899f5, failed with reason Access denied when writing output to location: s3://temitayo/46445fda-aaec-48a1-ae6f-14b156e899f5.txt and state FAILED
DEBUG - Event Message: Timelog created : 0 ms
DEBUG - Event Message: Finished Checking Connection. Starting Query:  : 0 ms
DEBUG - Event Message: Query Started. : 1066 ms
DEBUG - Event Message: Checking Query Status : 1066 ms
DEBUG - Event Message: Finishing Checking Query Status : 1179 ms
DEBUG - Event Message: Sleeping until we retry. : 1179 ms
DEBUG - Event Message: Checking Query Status : 1380 ms
DEBUG - Event Message: Finishing Checking Query Status : 1455 ms
DEBUG - Event Message: Sleeping until we retry. : 1455 ms
DEBUG - Event Message: Checking Query Status : 1659 ms
DEBUG - Event Message: Finishing Checking Query Status : 1735 ms
DEBUG - Event Message: Sleeping until we retry. : 1735 ms
DEBUG - Event Message: Checking Query Status : 1936 ms
DEBUG - Event Message: Finishing Checking Query Status : 1989 ms
DEBUG - Event Message: Sleeping until we retry. : 1989 ms
DEBUG - Event Message: Checking Query Status : 2193 ms
DEBUG - Event Message: Finishing Checking Query Status : 2285 ms
DEBUG - Event Message: Sleeping until we retry. : 2285 ms
DEBUG - Event Message: Checking Query Status : 2489 ms
DEBUG - Event Message: Finishing Checking Query Status : 2566 ms
DEBUG - Event Message: Sleeping until we retry. : 2566 ms
DEBUG - Event Message: Checking Query Status : 2769 ms
DEBUG - Event Message: Finishing Checking Query Status : 2820 ms
DEBUG - Event Message: Sleeping until we retry. : 2820 ms
DEBUG - Event Message: Checking Query Status : 3025 ms
DEBUG - Event Message: Finishing Checking Query Status : 3103 ms
DEBUG - Event Message: Sleeping until we retry. : 3103 ms
DEBUG - Event Message: Checking Query Status : 3304 ms
DEBUG - Event Message: Finishing Checking Query Status : 3388 ms
DEBUG - Event Message: Sleeping until we retry. : 3388 ms
DEBUG - Event Message: Checking Query Status : 3591 ms
DEBUG - Event Message: Finishing Checking Query Status : 3667 ms
DEBUG - Event Message: Sleeping until we retry. : 3667 ms
DEBUG - Event Message: Checking Query Status : 3871 ms
DEBUG - Event Message: Finishing Checking Query Status : 3943 ms
DEBUG - Event Message: Sleeping until we retry. : 3943 ms
DEBUG - Event Message: Checking Query Status : 4147 ms
DEBUG - Event Message: Finishing Checking Query Status : 4221 ms
DEBUG - Event Message: Sleeping until we retry. : 4221 ms
DEBUG - Event Message: Checking Query Status : 4423 ms
DEBUG - Event Message: Finishing Checking Query Status : 4495 ms
DEBUG - Event Message: Finished Executing query : 4497 ms
INFO - STARTING DRIVER
DEBUG - Using custom AWS credentials provider class com.tayo.CustomSessionCredentialsProvider
INFO - Executing Query 'show tables in default' with Execution ID: a2ff161e-481f-494a-b446-9a071cbaeb49
DEBUG - Event Message: Timelog created : 0 ms
DEBUG - Event Message: Finished Checking Connection. Starting Query:  : 0 ms
DEBUG - Event Message: Query Started. : 905 ms
DEBUG - Event Message: Checking Query Status : 905 ms
DEBUG - Event Message: Finishing Checking Query Status : 974 ms
DEBUG - Event Message: Sleeping until we retry. : 974 ms
DEBUG - Event Message: Checking Query Status : 1176 ms
DEBUG - Event Message: Finishing Checking Query Status : 1243 ms
DEBUG - Event Message: Sleeping until we retry. : 1243 ms
DEBUG - Event Message: Checking Query Status : 1447 ms
DEBUG - Event Message: Finishing Checking Query Status : 1535 ms
DEBUG - Event Message: Sleeping until we retry. : 1535 ms
DEBUG - Event Message: Checking Query Status : 1739 ms
DEBUG - Event Message: Finishing Checking Query Status : 1808 ms
DEBUG - Event Message: Sleeping until we retry. : 1808 ms
DEBUG - Event Message: Checking Query Status : 2009 ms
DEBUG - Event Message: Finishing Checking Query Status : 2162 ms
DEBUG - Event Message: Sleeping until we retry. : 2162 ms
DEBUG - Event Message: Checking Query Status : 2366 ms
DEBUG - Event Message: Finishing Checking Query Status : 2417 ms
DEBUG - Event Message: Sleeping until we retry. : 2417 ms
DEBUG - Event Message: Checking Query Status : 2622 ms
DEBUG - Event Message: Finishing Checking Query Status : 2683 ms
DEBUG - Event Message: Query has Completed. : 2683 ms
DEBUG - Event Message: Finished creating Result Set. : 2931 ms
DEBUG - Event Message: Finished Executing query : 2931 ms
DEBUG - Event Message: Timelog created : 0 ms
DEBUG - Event Message: Next Called : 241 ms
DEBUG - Event Message: Next Called : 241 ms
DEBUG - Event Message: No more rows available to obtain. Finishing. : 241 ms
INFO - STARTING DRIVER
DEBUG - Using custom AWS credentials provider class com.tayo.CustomSessionCredentialsProvider
INFO - Executing Query 'show tables in default' with Execution ID: 08266fc6-9abc-4518-a96b-2755dca9c826
DEBUG - Event Message: Timelog created : 0 ms
DEBUG - Event Message: Finished Checking Connection. Starting Query:  : 0 ms
DEBUG - Event Message: Query Started. : 1278 ms
DEBUG - Event Message: Checking Query Status : 1278 ms
DEBUG - Event Message: Finishing Checking Query Status : 1362 ms
DEBUG - Event Message: Sleeping until we retry. : 1362 ms
DEBUG - Event Message: Checking Query Status : 1566 ms
DEBUG - Event Message: Finishing Checking Query Status : 1646 ms
DEBUG - Event Message: Sleeping until we retry. : 1646 ms
DEBUG - Event Message: Checking Query Status : 1848 ms
DEBUG - Event Message: Finishing Checking Query Status : 1984 ms
DEBUG - Event Message: Sleeping until we retry. : 1984 ms
DEBUG - Event Message: Checking Query Status : 2188 ms
DEBUG - Event Message: Finishing Checking Query Status : 2244 ms
DEBUG - Event Message: Sleeping until we retry. : 2244 ms
DEBUG - Event Message: Checking Query Status : 2447 ms
DEBUG - Event Message: Finishing Checking Query Status : 2536 ms
DEBUG - Event Message: Sleeping until we retry. : 2536 ms
DEBUG - Event Message: Checking Query Status : 2740 ms
DEBUG - Event Message: Finishing Checking Query Status : 2811 ms
DEBUG - Event Message: Sleeping until we retry. : 2811 ms
DEBUG - Event Message: Checking Query Status : 3012 ms
DEBUG - Event Message: Finishing Checking Query Status : 3104 ms
DEBUG - Event Message: Sleeping until we retry. : 3104 ms
DEBUG - Event Message: Checking Query Status : 3306 ms
DEBUG - Event Message: Finishing Checking Query Status : 3381 ms
DEBUG - Event Message: Sleeping until we retry. : 3381 ms
DEBUG - Event Message: Checking Query Status : 3582 ms
DEBUG - Event Message: Finishing Checking Query Status : 3655 ms
DEBUG - Event Message: Sleeping until we retry. : 3655 ms
DEBUG - Event Message: Checking Query Status : 3859 ms
DEBUG - Event Message: Finishing Checking Query Status : 3930 ms
DEBUG - Event Message: Sleeping until we retry. : 3930 ms
DEBUG - Event Message: Checking Query Status : 4134 ms
DEBUG - Event Message: Finishing Checking Query Status : 4184 ms
DEBUG - Event Message: Sleeping until we retry. : 4184 ms
DEBUG - Event Message: Checking Query Status : 4385 ms
DEBUG - Event Message: Finishing Checking Query Status : 4458 ms
DEBUG - Event Message: Sleeping until we retry. : 4458 ms
DEBUG - Event Message: Checking Query Status : 4661 ms
DEBUG - Event Message: Finishing Checking Query Status : 4713 ms
DEBUG - Event Message: Query has Completed. : 4713 ms
DEBUG - Event Message: Finished creating Result Set. : 5199 ms
DEBUG - Event Message: Finished Executing query : 5199 ms
DEBUG - Event Message: Timelog created : 0 ms
DEBUG - Event Message: Next Called : 482 ms
DEBUG - Event Message: Next Called : 482 ms
DEBUG - Event Message: No more rows available to obtain. Finishing. : 482 ms
